[debug] [2024-07-18T04:06:16.641Z] ----------------------------------------------------------------------
[debug] [2024-07-18T04:06:16.643Z] Command:       C:\Program Files\nodejs\node.exe C:\Users\jc94s\AppData\Roaming\npm\node_modules\firebase-tools\lib\bin\firebase.js deploy
[debug] [2024-07-18T04:06:16.644Z] CLI Version:   13.13.3
[debug] [2024-07-18T04:06:16.644Z] Platform:      win32
[debug] [2024-07-18T04:06:16.644Z] Node Version:  v20.15.1
[debug] [2024-07-18T04:06:16.644Z] Time:          Wed Jul 17 2024 22:06:16 GMT-0600 (hora estándar central)
[debug] [2024-07-18T04:06:16.644Z] ----------------------------------------------------------------------
[debug] 
[debug] [2024-07-18T04:06:16.699Z] > command requires scopes: ["email","openid","https://www.googleapis.com/auth/cloudplatformprojects.readonly","https://www.googleapis.com/auth/firebase","https://www.googleapis.com/auth/cloud-platform"]
[debug] [2024-07-18T04:06:16.700Z] > authorizing via signed-in user (jc94soliz@gmail.com)
[debug] [2024-07-18T04:06:16.700Z] [iam] checking project vimd-studio---link-de-pruebas for permissions ["firebase.projects.get","firebasehosting.sites.update"]
[debug] [2024-07-18T04:06:16.701Z] >>> [apiv2][query] POST https://cloudresourcemanager.googleapis.com/v1/projects/vimd-studio---link-de-pruebas:testIamPermissions [none]
[debug] [2024-07-18T04:06:16.702Z] >>> [apiv2][(partial)header] POST https://cloudresourcemanager.googleapis.com/v1/projects/vimd-studio---link-de-pruebas:testIamPermissions x-goog-quota-user=projects/vimd-studio---link-de-pruebas
[debug] [2024-07-18T04:06:16.702Z] >>> [apiv2][body] POST https://cloudresourcemanager.googleapis.com/v1/projects/vimd-studio---link-de-pruebas:testIamPermissions {"permissions":["firebase.projects.get","firebasehosting.sites.update"]}
[debug] [2024-07-18T04:06:17.097Z] <<< [apiv2][status] POST https://cloudresourcemanager.googleapis.com/v1/projects/vimd-studio---link-de-pruebas:testIamPermissions 200
[debug] [2024-07-18T04:06:17.097Z] <<< [apiv2][body] POST https://cloudresourcemanager.googleapis.com/v1/projects/vimd-studio---link-de-pruebas:testIamPermissions {"permissions":["firebase.projects.get","firebasehosting.sites.update"]}
[debug] [2024-07-18T04:06:17.098Z] >>> [apiv2][query] GET https://firebase.googleapis.com/v1beta1/projects/vimd-studio---link-de-pruebas [none]
[debug] [2024-07-18T04:06:17.539Z] <<< [apiv2][status] GET https://firebase.googleapis.com/v1beta1/projects/vimd-studio---link-de-pruebas 200
[debug] [2024-07-18T04:06:17.539Z] <<< [apiv2][body] GET https://firebase.googleapis.com/v1beta1/projects/vimd-studio---link-de-pruebas {"projectId":"vimd-studio---link-de-pruebas","projectNumber":"282730752487","displayName":"VIMD Studio - Link de Pruebas","name":"projects/vimd-studio---link-de-pruebas","resources":{"hostingSite":"vimd-studio---link-de-pruebas"},"state":"ACTIVE","etag":"1_57f55343-f6d0-4d9b-89db-34dd835b4cdb"}
[info] 
[info] === Deploying to 'vimd-studio---link-de-pruebas'...
[info] 
[info] i  deploying hosting 
[debug] [2024-07-18T04:06:17.544Z] >>> [apiv2][query] POST https://firebasehosting.googleapis.com/v1beta1/projects/-/sites/vimd-studio---link-de-pruebas/versions [none]
[debug] [2024-07-18T04:06:17.544Z] >>> [apiv2][body] POST https://firebasehosting.googleapis.com/v1beta1/projects/-/sites/vimd-studio---link-de-pruebas/versions {"status":"CREATED","labels":{"deployment-tool":"cli-firebase"}}
[debug] [2024-07-18T04:06:18.285Z] <<< [apiv2][status] POST https://firebasehosting.googleapis.com/v1beta1/projects/-/sites/vimd-studio---link-de-pruebas/versions 200
[debug] [2024-07-18T04:06:18.285Z] <<< [apiv2][body] POST https://firebasehosting.googleapis.com/v1beta1/projects/-/sites/vimd-studio---link-de-pruebas/versions {"name":"projects/282730752487/sites/vimd-studio---link-de-pruebas/versions/838efcaed886151d","status":"CREATED","config":{},"labels":{"deployment-tool":"cli-firebase"}}
[info] i  hosting[vimd-studio---link-de-pruebas]: beginning deploy... 
[info] i  hosting[vimd-studio---link-de-pruebas]: found 105499 files in ./ 
[debug] [2024-07-18T04:06:27.812Z] [hosting] uploading with 200 concurrency
[debug] [2024-07-18T04:06:27.813Z] [hosting] hash cache [] not populated
[debug] [2024-07-18T04:06:27.867Z] Error: EBUSY: resource busy or locked, open 'C:\Users\jc94s\ntuser.dat.LOG2'
[error] 
[error] Error: An unexpected error has occurred.
[debug] [2024-07-18T04:06:27.869Z] Error: EBUSY: resource busy or locked, open 'C:\Users\jc94s\ntuser.dat.LOG1'
[error] 
[error] Error: An unexpected error has occurred.
[debug] [2024-07-18T04:06:27.869Z] Error: EBUSY: resource busy or locked, open 'C:\Users\jc94s\NTUSER.DAT'
[error] 
[error] Error: An unexpected error has occurred.
[debug] [2024-07-18T04:07:25.823Z] ----------------------------------------------------------------------
[debug] [2024-07-18T04:07:25.825Z] Command:       C:\Program Files\nodejs\node.exe C:\Users\jc94s\AppData\Roaming\npm\node_modules\firebase-tools\lib\bin\firebase.js init
[debug] [2024-07-18T04:07:25.826Z] CLI Version:   13.13.3
[debug] [2024-07-18T04:07:25.826Z] Platform:      win32
[debug] [2024-07-18T04:07:25.826Z] Node Version:  v20.15.1
[debug] [2024-07-18T04:07:25.826Z] Time:          Wed Jul 17 2024 22:07:25 GMT-0600 (hora estándar central)
[debug] [2024-07-18T04:07:25.826Z] ----------------------------------------------------------------------
[debug] 
[debug] [2024-07-18T04:07:25.880Z] > command requires scopes: ["email","openid","https://www.googleapis.com/auth/cloudplatformprojects.readonly","https://www.googleapis.com/auth/firebase","https://www.googleapis.com/auth/cloud-platform"]
[debug] [2024-07-18T04:07:25.880Z] > authorizing via signed-in user (jc94soliz@gmail.com)
[info] 
     ######## #### ########  ######## ########     ###     ######  ########
     ##        ##  ##     ## ##       ##     ##  ##   ##  ##       ##
     ######    ##  ########  ######   ########  #########  ######  ######
     ##        ##  ##    ##  ##       ##     ## ##     ##       ## ##
     ##       #### ##     ## ######## ########  ##     ##  ######  ########

You're about to initialize a Firebase project in this directory:

  C:\Users\jc94s

Before we get started, keep in mind:

  * You are initializing within an existing Firebase project directory

[info] 
=== Project Setup
[info] 
[info] First, let's associate this project directory with a Firebase project.
[info] You can create multiple project aliases by running firebase use --add, 
[info] but for now we'll just set up a default project.
[info] 
[debug] [2024-07-18T04:07:31.346Z] Using project from CLI flag: vimd-studio---link-de-pruebas
[debug] [2024-07-18T04:07:31.348Z] >>> [apiv2][query] GET https://firebase.googleapis.com/v1beta1/projects/vimd-studio---link-de-pruebas [none]
[debug] [2024-07-18T04:07:31.872Z] <<< [apiv2][status] GET https://firebase.googleapis.com/v1beta1/projects/vimd-studio---link-de-pruebas 200
[debug] [2024-07-18T04:07:31.873Z] <<< [apiv2][body] GET https://firebase.googleapis.com/v1beta1/projects/vimd-studio---link-de-pruebas {"projectId":"vimd-studio---link-de-pruebas","projectNumber":"282730752487","displayName":"VIMD Studio - Link de Pruebas","name":"projects/vimd-studio---link-de-pruebas","resources":{"hostingSite":"vimd-studio---link-de-pruebas"},"state":"ACTIVE","etag":"1_57f55343-f6d0-4d9b-89db-34dd835b4cdb"}
[info] i  Using project vimd-studio---link-de-pruebas (VIMD Studio - Link de Pruebas) 
[info] 
=== Hosting Setup
[debug] [2024-07-18T04:07:31.877Z] >>> [apiv2][query] GET https://firebase.googleapis.com/v1beta1/projects/vimd-studio---link-de-pruebas [none]
[debug] [2024-07-18T04:07:32.075Z] <<< [apiv2][status] GET https://firebase.googleapis.com/v1beta1/projects/vimd-studio---link-de-pruebas 200
[debug] [2024-07-18T04:07:32.076Z] <<< [apiv2][body] GET https://firebase.googleapis.com/v1beta1/projects/vimd-studio---link-de-pruebas {"projectId":"vimd-studio---link-de-pruebas","projectNumber":"282730752487","displayName":"VIMD Studio - Link de Pruebas","name":"projects/vimd-studio---link-de-pruebas","resources":{"hostingSite":"vimd-studio---link-de-pruebas"},"state":"ACTIVE","etag":"1_57f55343-f6d0-4d9b-89db-34dd835b4cdb"}
[info] 
[info] Your public directory is the folder (relative to your project directory) that
[info] will contain Hosting assets to be uploaded with firebase deploy. If you
[info] have a build process for your assets, use your build's output directory.
[info] 
[debug] [2024-07-18T04:07:42.324Z] Error: Path contains invalid characters: C:\Users\jc94s\C:\Users\jc94s\OneDrive\Documentos\VIMD_Studio
    at checkPath (C:\Users\jc94s\AppData\Roaming\npm\node_modules\firebase-tools\node_modules\fs-extra\lib\mkdirs\utils.js:16:21)
    at module.exports.makeDirSync (C:\Users\jc94s\AppData\Roaming\npm\node_modules\firebase-tools\node_modules\fs-extra\lib\mkdirs\make-dir.js:21:3)
    at Object.createFileSync (C:\Users\jc94s\AppData\Roaming\npm\node_modules\firebase-tools\node_modules\fs-extra\lib\ensure\file.js:59:45)
    at Config.writeProjectFile (C:\Users\jc94s\AppData\Roaming\npm\node_modules\firebase-tools\lib\config.js:159:12)
    at C:\Users\jc94s\AppData\Roaming\npm\node_modules\firebase-tools\lib\config.js:183:22
    at process.processTicksAndRejections (node:internal/process/task_queues:95:5)
    at async doSetup (C:\Users\jc94s\AppData\Roaming\npm\node_modules\firebase-tools\lib\init\features\hosting\index.js:173:13)
    at async init (C:\Users\jc94s\AppData\Roaming\npm\node_modules\firebase-tools\lib\init\index.js:40:9)
[error] 
[error] Error: An unexpected error has occurred.
